TN:
SF:/Users/capricey/s21_matrix/s21_create_matrix.c
FN:3,s21_create_matrix
FNDA:7504,s21_create_matrix
FNF:1
FNH:1
DA:3,7504
DA:4,7504
DA:5,7504
DA:6,7418
DA:7,7418
DA:8,7418
DA:9,238688
DA:10,231270
DA:13,0
DA:16,86
DA:18,7504
DA:19,7504
DA:21,7504
LF:13
LH:12
end_of_record
TN:
SF:/Users/capricey/s21_matrix/s21_eq_matrix.c
FN:3,s21_eq_matrix
FNDA:400,s21_eq_matrix
FNF:1
FNH:1
DA:3,400
DA:4,400
DA:6,400
DA:7,16121
DA:8,792866
DA:9,777045
DA:13,100
DA:15,400
LF:8
LH:8
end_of_record
TN:
SF:/Users/capricey/s21_matrix/s21_helpers.c
FN:3,is_incorrect
FNDA:2003,is_incorrect
FN:5,is_eq_size
FNDA:800,is_eq_size
FN:7,matrix_init_0
FNDA:7418,matrix_init_0
FNF:3
FNH:3
DA:3,2003
DA:5,800
DA:7,7418
DA:8,7418
DA:9,7418
DA:10,7418
DA:11,7418
LF:7
LH:7
end_of_record
TN:
SF:/Users/capricey/s21_matrix/s21_mult_matrix.c
FN:5,s21_mult_matrix
FNDA:1002,s21_mult_matrix
FNF:1
FNH:1
DA:5,1002
DA:6,1002
DA:8,1001
DA:9,1001
DA:10,1000
DA:11,1000
DA:12,3000
DA:13,6000
DA:14,12000
DA:15,8000
DA:21,1001
LF:11
LH:11
end_of_record
TN:
SF:/Users/capricey/s21_matrix/s21_mult_number.c
FN:3,s21_mult_number
FNDA:100,s21_mult_number
FNF:1
FNH:1
DA:3,100
DA:4,100
DA:5,100
DA:6,5390
DA:7,273190
DA:8,267900
DA:12,100
LF:7
LH:7
end_of_record
TN:
SF:/Users/capricey/s21_matrix/s21_remove_matrix.c
FN:3,s21_remove_matrix
FNDA:7418,s21_remove_matrix
FNF:1
FNH:1
DA:3,7418
DA:4,7418
DA:5,7418
DA:6,7418
LF:4
LH:4
end_of_record
TN:
SF:/Users/capricey/s21_matrix/s21_sub_matrix.c
FN:3,s21_sub_matrix
FNDA:200,s21_sub_matrix
FNF:1
FNH:1
DA:3,200
DA:4,200
DA:5,200
DA:6,100
DA:7,100
DA:8,4991
DA:9,248545
DA:10,243654
DA:15,200
LF:9
LH:9
end_of_record
TN:
SF:/Users/capricey/s21_matrix/s21_sum_matrix.c
FN:3,s21_sum_matrix
FNDA:200,s21_sum_matrix
FNF:1
FNH:1
DA:3,200
DA:4,200
DA:5,200
DA:6,100
DA:7,100
DA:8,5186
DA:9,274118
DA:10,269032
DA:15,200
LF:9
LH:9
end_of_record
TN:
SF:/Users/capricey/s21_matrix/s21_transpose.c
FN:3,s21_transpose
FNDA:1000,s21_transpose
FNF:1
FNH:1
DA:3,1000
DA:4,1000
DA:5,1000
DA:6,51650
DA:7,2712917
DA:8,2662267
DA:12,1000
LF:7
LH:7
end_of_record
